  PlayState.cpp
PlayState.cpp(25): warning C4305: '=': truncation from 'double' to 'float'
PlayState.cpp(26): warning C4305: '=': truncation from 'double' to 'float'
PlayState.cpp(28): warning C4305: '=': truncation from 'double' to 'float'
PlayState.cpp(29): warning C4305: '=': truncation from 'double' to 'float'
PlayState.cpp(60): warning C4305: '+=': truncation from 'double' to 'float'
PlayState.cpp(61): warning C4244: '=': conversion from 'double' to 'float', possible loss of data
PlayState.cpp(65): warning C4305: '+=': truncation from 'double' to 'float'
PlayState.cpp(73): warning C4244: 'initializing': conversion from 'double' to 'float', possible loss of data
PlayState.cpp(81): warning C4305: 'argument': truncation from 'double' to 'float'
PlayState.cpp(84): warning C4305: 'argument': truncation from 'double' to 'float'
PlayState.cpp(87): warning C4305: 'argument': truncation from 'double' to 'float'
PlayState.cpp(90): warning C4305: 'argument': truncation from 'double' to 'float'
PlayState.cpp(94): warning C4305: 'argument': truncation from 'double' to 'float'
PlayState.cpp(96): warning C4305: 'argument': truncation from 'double' to 'float'
PlayState.cpp(139): warning C4390: ';': empty controlled statement found; is this the intent?
PlayState.cpp(141): warning C4390: ';': empty controlled statement found; is this the intent?
  Generating code
  1 of 1553 functions ( 0.1%) were compiled, the rest were copied from previous compilation.
    0 functions were new in current compilation
    0 functions had inline decision re-evaluated but remain unchanged
  Finished generating code
  Eindopdracht.vcxproj -> C:\Users\Beast\Documents\Github\Eindopdracht-3D-Graphics\Eindopdracht\Release\Eindopdracht.exe
