  Vec3f.cpp
  Vec2f.cpp
  TextureLoader.cpp
  Texture.cpp
  SquareWithTexture.cpp
c:\users\beast\documents\github\eindopdracht-3d-graphics\eindopdracht\eindopdracht\squarewithtexture.cpp(12): warning C4244: '=': conversion from 'int' to 'float', possible loss of data
  PlayState.cpp
c:\users\beast\documents\github\eindopdracht-3d-graphics\eindopdracht\eindopdracht\playstate.cpp(21): warning C4305: '=': truncation from 'double' to 'float'
c:\users\beast\documents\github\eindopdracht-3d-graphics\eindopdracht\eindopdracht\playstate.cpp(22): warning C4305: '=': truncation from 'double' to 'float'
c:\users\beast\documents\github\eindopdracht-3d-graphics\eindopdracht\eindopdracht\playstate.cpp(24): warning C4305: '=': truncation from 'double' to 'float'
c:\users\beast\documents\github\eindopdracht-3d-graphics\eindopdracht\eindopdracht\playstate.cpp(25): warning C4305: '=': truncation from 'double' to 'float'
c:\users\beast\documents\github\eindopdracht-3d-graphics\eindopdracht\eindopdracht\playstate.cpp(42): warning C4305: '+=': truncation from 'double' to 'float'
c:\users\beast\documents\github\eindopdracht-3d-graphics\eindopdracht\eindopdracht\playstate.cpp(50): warning C4244: 'initializing': conversion from 'double' to 'float', possible loss of data
c:\users\beast\documents\github\eindopdracht-3d-graphics\eindopdracht\eindopdracht\playstate.cpp(58): warning C4305: 'argument': truncation from 'double' to 'float'
c:\users\beast\documents\github\eindopdracht-3d-graphics\eindopdracht\eindopdracht\playstate.cpp(61): warning C4305: 'argument': truncation from 'double' to 'float'
c:\users\beast\documents\github\eindopdracht-3d-graphics\eindopdracht\eindopdracht\playstate.cpp(64): warning C4305: 'argument': truncation from 'double' to 'float'
c:\users\beast\documents\github\eindopdracht-3d-graphics\eindopdracht\eindopdracht\playstate.cpp(67): warning C4305: 'argument': truncation from 'double' to 'float'
c:\users\beast\documents\github\eindopdracht-3d-graphics\eindopdracht\eindopdracht\playstate.cpp(71): warning C4305: 'argument': truncation from 'double' to 'float'
c:\users\beast\documents\github\eindopdracht-3d-graphics\eindopdracht\eindopdracht\playstate.cpp(73): warning C4305: 'argument': truncation from 'double' to 'float'
c:\users\beast\documents\github\eindopdracht-3d-graphics\eindopdracht\eindopdracht\playstate.cpp(77): warning C4305: 'argument': truncation from 'double' to 'GLfloat'
c:\users\beast\documents\github\eindopdracht-3d-graphics\eindopdracht\eindopdracht\playstate.cpp(92): warning C4244: 'argument': conversion from 'double' to 'GLfloat', possible loss of data
  ModelLoader.cpp
  Model.cpp
  Main.cpp
  GameStateManager.cpp
c:\users\beast\documents\github\eindopdracht-3d-graphics\eindopdracht\eindopdracht\gamestatemanager.cpp(27): warning C4018: '<': signed/unsigned mismatch
  CubeWithTexture.cpp
  Cube.cpp
  Camera.cpp
  Generating Code...
  Eindopdracht.vcxproj -> C:\Users\Beast\Documents\Github\Eindopdracht-3D-Graphics\Eindopdracht\Debug\Eindopdracht.exe
